[27-Mar-2019 19:54:37 UTC] PHP Fatal error:  Uncaught exception 'PDOException' with message 'SQLSTATE[HY000] [1045] Access denied for user ''@'localhost' (using password: NO)' in /home/ubuntu/workspace/cst336/Labs/ottermart/dbConnection.php:8
Stack trace:
#0 /home/ubuntu/workspace/cst336/Labs/ottermart/dbConnection.php(8): PDO->__construct('mysql:host=loca...')
#1 /home/ubuntu/workspace/cst336/Labs/ottermart/api/getCategories.php(3): getDatabaseConnection('ottermart')
#2 {main}
  thrown in /home/ubuntu/workspace/cst336/Labs/ottermart/dbConnection.php on line 8
[27-Mar-2019 19:55:45 UTC] PHP Fatal error:  Uncaught exception 'PDOException' with message 'SQLSTATE[HY000] [1045] Access denied for user ''@'localhost' (using password: NO)' in /home/ubuntu/workspace/cst336/Labs/ottermart/dbConnection.php:8
Stack trace:
#0 /home/ubuntu/workspace/cst336/Labs/ottermart/dbConnection.php(8): PDO->__construct('mysql:host=loca...')
#1 /home/ubuntu/workspace/cst336/Labs/ottermart/api/getCategories.php(3): getDatabaseConnection('ottermart')
#2 {main}
  thrown in /home/ubuntu/workspace/cst336/Labs/ottermart/dbConnection.php on line 8
[27-Mar-2019 20:00:45 UTC] PHP Fatal error:  Uncaught exception 'PDOException' with message 'SQLSTATE[HY000] [1045] Access denied for user ''@'localhost' (using password: NO)' in /home/ubuntu/workspace/cst336/Labs/ottermart/dbConnection.php:8
Stack trace:
#0 /home/ubuntu/workspace/cst336/Labs/ottermart/dbConnection.php(8): PDO->__construct('mysql:host=loca...')
#1 /home/ubuntu/workspace/cst336/Labs/ottermart/api/getCategories.php(3): getDatabaseConnection('ottermart')
#2 {main}
  thrown in /home/ubuntu/workspace/cst336/Labs/ottermart/dbConnection.php on line 8
[27-Mar-2019 20:02:36 UTC] PHP Fatal error:  Uncaught exception 'PDOException' with message 'SQLSTATE[HY000] [1045] Access denied for user ''@'localhost' (using password: NO)' in /home/ubuntu/workspace/cst336/Labs/ottermart/dbConnection.php:8
Stack trace:
#0 /home/ubuntu/workspace/cst336/Labs/ottermart/dbConnection.php(8): PDO->__construct('mysql:host=loca...')
#1 /home/ubuntu/workspace/cst336/Labs/ottermart/api/getCategories.php(3): getDatabaseConnection('ottermart')
#2 {main}
  thrown in /home/ubuntu/workspace/cst336/Labs/ottermart/dbConnection.php on line 8
