[28-Apr-2019 04:20:45 UTC] PHP Fatal error:  Uncaught exception 'PDOException' with message 'SQLSTATE[HY000] [1049] Unknown database 'lab8'' in /home/ubuntu/workspace/cst336/Labs/Lab8/dbConnection.php:9
Stack trace:
#0 /home/ubuntu/workspace/cst336/Labs/Lab8/dbConnection.php(9): PDO->__construct('mysql:host=loca...', 'root', '')
#1 /home/ubuntu/workspace/cst336/Labs/Lab8/api/api.php(4): getDatabaseConnection('lab8')
#2 {main}
  thrown in /home/ubuntu/workspace/cst336/Labs/Lab8/dbConnection.php on line 9
[28-Apr-2019 04:20:47 UTC] PHP Fatal error:  Uncaught exception 'PDOException' with message 'SQLSTATE[HY000] [1049] Unknown database 'lab8'' in /home/ubuntu/workspace/cst336/Labs/Lab8/dbConnection.php:9
Stack trace:
#0 /home/ubuntu/workspace/cst336/Labs/Lab8/dbConnection.php(9): PDO->__construct('mysql:host=loca...', 'root', '')
#1 /home/ubuntu/workspace/cst336/Labs/Lab8/api/api.php(4): getDatabaseConnection('lab8')
#2 {main}
  thrown in /home/ubuntu/workspace/cst336/Labs/Lab8/dbConnection.php on line 9
[28-Apr-2019 04:20:48 UTC] PHP Fatal error:  Uncaught exception 'PDOException' with message 'SQLSTATE[HY000] [1049] Unknown database 'lab8'' in /home/ubuntu/workspace/cst336/Labs/Lab8/dbConnection.php:9
Stack trace:
#0 /home/ubuntu/workspace/cst336/Labs/Lab8/dbConnection.php(9): PDO->__construct('mysql:host=loca...', 'root', '')
#1 /home/ubuntu/workspace/cst336/Labs/Lab8/api/api.php(4): getDatabaseConnection('lab8')
#2 {main}
  thrown in /home/ubuntu/workspace/cst336/Labs/Lab8/dbConnection.php on line 9
[28-Apr-2019 04:20:49 UTC] PHP Fatal error:  Uncaught exception 'PDOException' with message 'SQLSTATE[HY000] [1049] Unknown database 'lab8'' in /home/ubuntu/workspace/cst336/Labs/Lab8/dbConnection.php:9
Stack trace:
#0 /home/ubuntu/workspace/cst336/Labs/Lab8/dbConnection.php(9): PDO->__construct('mysql:host=loca...', 'root', '')
#1 /home/ubuntu/workspace/cst336/Labs/Lab8/api/api.php(4): getDatabaseConnection('lab8')
#2 {main}
  thrown in /home/ubuntu/workspace/cst336/Labs/Lab8/dbConnection.php on line 9
[28-Apr-2019 04:20:49 UTC] PHP Fatal error:  Uncaught exception 'PDOException' with message 'SQLSTATE[HY000] [1049] Unknown database 'lab8'' in /home/ubuntu/workspace/cst336/Labs/Lab8/dbConnection.php:9
Stack trace:
#0 /home/ubuntu/workspace/cst336/Labs/Lab8/dbConnection.php(9): PDO->__construct('mysql:host=loca...', 'root', '')
#1 /home/ubuntu/workspace/cst336/Labs/Lab8/api/api.php(4): getDatabaseConnection('lab8')
#2 {main}
  thrown in /home/ubuntu/workspace/cst336/Labs/Lab8/dbConnection.php on line 9
[28-Apr-2019 04:20:57 UTC] PHP Fatal error:  Uncaught exception 'PDOException' with message 'SQLSTATE[HY000] [1049] Unknown database 'lab8'' in /home/ubuntu/workspace/cst336/Labs/Lab8/dbConnection.php:9
Stack trace:
#0 /home/ubuntu/workspace/cst336/Labs/Lab8/dbConnection.php(9): PDO->__construct('mysql:host=loca...', 'root', '')
#1 /home/ubuntu/workspace/cst336/Labs/Lab8/api/api.php(4): getDatabaseConnection('lab8')
#2 {main}
  thrown in /home/ubuntu/workspace/cst336/Labs/Lab8/dbConnection.php on line 9
[28-Apr-2019 04:20:59 UTC] PHP Fatal error:  Uncaught exception 'PDOException' with message 'SQLSTATE[HY000] [1049] Unknown database 'lab8'' in /home/ubuntu/workspace/cst336/Labs/Lab8/dbConnection.php:9
Stack trace:
#0 /home/ubuntu/workspace/cst336/Labs/Lab8/dbConnection.php(9): PDO->__construct('mysql:host=loca...', 'root', '')
#1 /home/ubuntu/workspace/cst336/Labs/Lab8/api/api.php(4): getDatabaseConnection('lab8')
#2 {main}
  thrown in /home/ubuntu/workspace/cst336/Labs/Lab8/dbConnection.php on line 9
[28-Apr-2019 04:21:05 UTC] PHP Fatal error:  Uncaught exception 'PDOException' with message 'SQLSTATE[HY000] [1049] Unknown database 'lab8'' in /home/ubuntu/workspace/cst336/Labs/Lab8/dbConnection.php:9
Stack trace:
#0 /home/ubuntu/workspace/cst336/Labs/Lab8/dbConnection.php(9): PDO->__construct('mysql:host=loca...', 'root', '')
#1 /home/ubuntu/workspace/cst336/Labs/Lab8/api/api.php(4): getDatabaseConnection('lab8')
#2 {main}
  thrown in /home/ubuntu/workspace/cst336/Labs/Lab8/dbConnection.php on line 9
[28-Apr-2019 04:21:06 UTC] PHP Fatal error:  Uncaught exception 'PDOException' with message 'SQLSTATE[HY000] [1049] Unknown database 'lab8'' in /home/ubuntu/workspace/cst336/Labs/Lab8/dbConnection.php:9
Stack trace:
#0 /home/ubuntu/workspace/cst336/Labs/Lab8/dbConnection.php(9): PDO->__construct('mysql:host=loca...', 'root', '')
#1 /home/ubuntu/workspace/cst336/Labs/Lab8/api/api.php(4): getDatabaseConnection('lab8')
#2 {main}
  thrown in /home/ubuntu/workspace/cst336/Labs/Lab8/dbConnection.php on line 9
[28-Apr-2019 04:21:11 UTC] PHP Fatal error:  Uncaught exception 'PDOException' with message 'SQLSTATE[HY000] [1049] Unknown database 'lab8'' in /home/ubuntu/workspace/cst336/Labs/Lab8/dbConnection.php:9
Stack trace:
#0 /home/ubuntu/workspace/cst336/Labs/Lab8/dbConnection.php(9): PDO->__construct('mysql:host=loca...', 'root', '')
#1 /home/ubuntu/workspace/cst336/Labs/Lab8/api/api.php(4): getDatabaseConnection('lab8')
#2 {main}
  thrown in /home/ubuntu/workspace/cst336/Labs/Lab8/dbConnection.php on line 9
[28-Apr-2019 04:21:12 UTC] PHP Fatal error:  Uncaught exception 'PDOException' with message 'SQLSTATE[HY000] [1049] Unknown database 'lab8'' in /home/ubuntu/workspace/cst336/Labs/Lab8/dbConnection.php:9
Stack trace:
#0 /home/ubuntu/workspace/cst336/Labs/Lab8/dbConnection.php(9): PDO->__construct('mysql:host=loca...', 'root', '')
#1 /home/ubuntu/workspace/cst336/Labs/Lab8/api/api.php(4): getDatabaseConnection('lab8')
#2 {main}
  thrown in /home/ubuntu/workspace/cst336/Labs/Lab8/dbConnection.php on line 9
[28-Apr-2019 04:21:12 UTC] PHP Fatal error:  Uncaught exception 'PDOException' with message 'SQLSTATE[HY000] [1049] Unknown database 'lab8'' in /home/ubuntu/workspace/cst336/Labs/Lab8/dbConnection.php:9
Stack trace:
#0 /home/ubuntu/workspace/cst336/Labs/Lab8/dbConnection.php(9): PDO->__construct('mysql:host=loca...', 'root', '')
#1 /home/ubuntu/workspace/cst336/Labs/Lab8/api/api.php(4): getDatabaseConnection('lab8')
#2 {main}
  thrown in /home/ubuntu/workspace/cst336/Labs/Lab8/dbConnection.php on line 9
[28-Apr-2019 04:21:14 UTC] PHP Fatal error:  Uncaught exception 'PDOException' with message 'SQLSTATE[HY000] [1049] Unknown database 'lab8'' in /home/ubuntu/workspace/cst336/Labs/Lab8/dbConnection.php:9
Stack trace:
#0 /home/ubuntu/workspace/cst336/Labs/Lab8/dbConnection.php(9): PDO->__construct('mysql:host=loca...', 'root', '')
#1 /home/ubuntu/workspace/cst336/Labs/Lab8/api/api.php(4): getDatabaseConnection('lab8')
#2 {main}
  thrown in /home/ubuntu/workspace/cst336/Labs/Lab8/dbConnection.php on line 9
[28-Apr-2019 04:22:07 UTC] PHP Fatal error:  Uncaught exception 'PDOException' with message 'SQLSTATE[HY000] [1049] Unknown database 'lab8'' in /home/ubuntu/workspace/cst336/Labs/Lab8/dbConnection.php:9
Stack trace:
#0 /home/ubuntu/workspace/cst336/Labs/Lab8/dbConnection.php(9): PDO->__construct('mysql:host=loca...', 'root', '')
#1 /home/ubuntu/workspace/cst336/Labs/Lab8/api/api.php(4): getDatabaseConnection('lab8')
#2 {main}
  thrown in /home/ubuntu/workspace/cst336/Labs/Lab8/dbConnection.php on line 9
[28-Apr-2019 04:22:08 UTC] PHP Fatal error:  Uncaught exception 'PDOException' with message 'SQLSTATE[HY000] [1049] Unknown database 'lab8'' in /home/ubuntu/workspace/cst336/Labs/Lab8/dbConnection.php:9
Stack trace:
#0 /home/ubuntu/workspace/cst336/Labs/Lab8/dbConnection.php(9): PDO->__construct('mysql:host=loca...', 'root', '')
#1 /home/ubuntu/workspace/cst336/Labs/Lab8/api/api.php(4): getDatabaseConnection('lab8')
#2 {main}
  thrown in /home/ubuntu/workspace/cst336/Labs/Lab8/dbConnection.php on line 9
[28-Apr-2019 04:22:10 UTC] PHP Fatal error:  Uncaught exception 'PDOException' with message 'SQLSTATE[HY000] [1049] Unknown database 'lab8'' in /home/ubuntu/workspace/cst336/Labs/Lab8/dbConnection.php:9
Stack trace:
#0 /home/ubuntu/workspace/cst336/Labs/Lab8/dbConnection.php(9): PDO->__construct('mysql:host=loca...', 'root', '')
#1 /home/ubuntu/workspace/cst336/Labs/Lab8/api/api.php(4): getDatabaseConnection('lab8')
#2 {main}
  thrown in /home/ubuntu/workspace/cst336/Labs/Lab8/dbConnection.php on line 9
[28-Apr-2019 04:22:12 UTC] PHP Fatal error:  Uncaught exception 'PDOException' with message 'SQLSTATE[HY000] [1049] Unknown database 'lab8'' in /home/ubuntu/workspace/cst336/Labs/Lab8/dbConnection.php:9
Stack trace:
#0 /home/ubuntu/workspace/cst336/Labs/Lab8/dbConnection.php(9): PDO->__construct('mysql:host=loca...', 'root', '')
#1 /home/ubuntu/workspace/cst336/Labs/Lab8/api/api.php(4): getDatabaseConnection('lab8')
#2 {main}
  thrown in /home/ubuntu/workspace/cst336/Labs/Lab8/dbConnection.php on line 9
[28-Apr-2019 04:22:16 UTC] PHP Fatal error:  Uncaught exception 'PDOException' with message 'SQLSTATE[HY000] [1049] Unknown database 'lab8'' in /home/ubuntu/workspace/cst336/Labs/Lab8/dbConnection.php:9
Stack trace:
#0 /home/ubuntu/workspace/cst336/Labs/Lab8/dbConnection.php(9): PDO->__construct('mysql:host=loca...', 'root', '')
#1 /home/ubuntu/workspace/cst336/Labs/Lab8/api/api.php(4): getDatabaseConnection('lab8')
#2 {main}
  thrown in /home/ubuntu/workspace/cst336/Labs/Lab8/dbConnection.php on line 9
[28-Apr-2019 04:22:16 UTC] PHP Fatal error:  Uncaught exception 'PDOException' with message 'SQLSTATE[HY000] [1049] Unknown database 'lab8'' in /home/ubuntu/workspace/cst336/Labs/Lab8/dbConnection.php:9
Stack trace:
#0 /home/ubuntu/workspace/cst336/Labs/Lab8/dbConnection.php(9): PDO->__construct('mysql:host=loca...', 'root', '')
#1 /home/ubuntu/workspace/cst336/Labs/Lab8/api/api.php(4): getDatabaseConnection('lab8')
#2 {main}
  thrown in /home/ubuntu/workspace/cst336/Labs/Lab8/dbConnection.php on line 9
[28-Apr-2019 04:22:16 UTC] PHP Fatal error:  Uncaught exception 'PDOException' with message 'SQLSTATE[HY000] [1049] Unknown database 'lab8'' in /home/ubuntu/workspace/cst336/Labs/Lab8/dbConnection.php:9
Stack trace:
#0 /home/ubuntu/workspace/cst336/Labs/Lab8/dbConnection.php(9): PDO->__construct('mysql:host=loca...', 'root', '')
#1 /home/ubuntu/workspace/cst336/Labs/Lab8/api/api.php(4): getDatabaseConnection('lab8')
#2 {main}
  thrown in /home/ubuntu/workspace/cst336/Labs/Lab8/dbConnection.php on line 9
[28-Apr-2019 04:22:16 UTC] PHP Fatal error:  Uncaught exception 'PDOException' with message 'SQLSTATE[HY000] [1049] Unknown database 'lab8'' in /home/ubuntu/workspace/cst336/Labs/Lab8/dbConnection.php:9
Stack trace:
#0 /home/ubuntu/workspace/cst336/Labs/Lab8/dbConnection.php(9): PDO->__construct('mysql:host=loca...', 'root', '')
#1 /home/ubuntu/workspace/cst336/Labs/Lab8/api/api.php(4): getDatabaseConnection('lab8')
#2 {main}
  thrown in /home/ubuntu/workspace/cst336/Labs/Lab8/dbConnection.php on line 9
[28-Apr-2019 04:22:16 UTC] PHP Fatal error:  Uncaught exception 'PDOException' with message 'SQLSTATE[HY000] [1049] Unknown database 'lab8'' in /home/ubuntu/workspace/cst336/Labs/Lab8/dbConnection.php:9
Stack trace:
#0 /home/ubuntu/workspace/cst336/Labs/Lab8/dbConnection.php(9): PDO->__construct('mysql:host=loca...', 'root', '')
#1 /home/ubuntu/workspace/cst336/Labs/Lab8/api/api.php(4): getDatabaseConnection('lab8')
#2 {main}
  thrown in /home/ubuntu/workspace/cst336/Labs/Lab8/dbConnection.php on line 9
[28-Apr-2019 04:22:26 UTC] PHP Fatal error:  Uncaught exception 'PDOException' with message 'SQLSTATE[HY000] [1049] Unknown database 'lab8'' in /home/ubuntu/workspace/cst336/Labs/Lab8/dbConnection.php:9
Stack trace:
#0 /home/ubuntu/workspace/cst336/Labs/Lab8/dbConnection.php(9): PDO->__construct('mysql:host=loca...', 'root', '')
#1 /home/ubuntu/workspace/cst336/Labs/Lab8/api/api.php(4): getDatabaseConnection('lab8')
#2 {main}
  thrown in /home/ubuntu/workspace/cst336/Labs/Lab8/dbConnection.php on line 9
[28-Apr-2019 04:22:27 UTC] PHP Fatal error:  Uncaught exception 'PDOException' with message 'SQLSTATE[HY000] [1049] Unknown database 'lab8'' in /home/ubuntu/workspace/cst336/Labs/Lab8/dbConnection.php:9
Stack trace:
#0 /home/ubuntu/workspace/cst336/Labs/Lab8/dbConnection.php(9): PDO->__construct('mysql:host=loca...', 'root', '')
#1 /home/ubuntu/workspace/cst336/Labs/Lab8/api/api.php(4): getDatabaseConnection('lab8')
#2 {main}
  thrown in /home/ubuntu/workspace/cst336/Labs/Lab8/dbConnection.php on line 9
[28-Apr-2019 04:22:29 UTC] PHP Fatal error:  Uncaught exception 'PDOException' with message 'SQLSTATE[HY000] [1049] Unknown database 'lab8'' in /home/ubuntu/workspace/cst336/Labs/Lab8/dbConnection.php:9
Stack trace:
#0 /home/ubuntu/workspace/cst336/Labs/Lab8/dbConnection.php(9): PDO->__construct('mysql:host=loca...', 'root', '')
#1 /home/ubuntu/workspace/cst336/Labs/Lab8/api/api.php(4): getDatabaseConnection('lab8')
#2 {main}
  thrown in /home/ubuntu/workspace/cst336/Labs/Lab8/dbConnection.php on line 9
[28-Apr-2019 04:22:33 UTC] PHP Fatal error:  Uncaught exception 'PDOException' with message 'SQLSTATE[HY000] [1049] Unknown database 'lab8'' in /home/ubuntu/workspace/cst336/Labs/Lab8/dbConnection.php:9
Stack trace:
#0 /home/ubuntu/workspace/cst336/Labs/Lab8/dbConnection.php(9): PDO->__construct('mysql:host=loca...', 'root', '')
#1 /home/ubuntu/workspace/cst336/Labs/Lab8/api/api.php(4): getDatabaseConnection('lab8')
#2 {main}
  thrown in /home/ubuntu/workspace/cst336/Labs/Lab8/dbConnection.php on line 9
[28-Apr-2019 04:22:35 UTC] PHP Fatal error:  Uncaught exception 'PDOException' with message 'SQLSTATE[HY000] [1049] Unknown database 'lab8'' in /home/ubuntu/workspace/cst336/Labs/Lab8/dbConnection.php:9
Stack trace:
#0 /home/ubuntu/workspace/cst336/Labs/Lab8/dbConnection.php(9): PDO->__construct('mysql:host=loca...', 'root', '')
#1 /home/ubuntu/workspace/cst336/Labs/Lab8/api/api.php(4): getDatabaseConnection('lab8')
#2 {main}
  thrown in /home/ubuntu/workspace/cst336/Labs/Lab8/dbConnection.php on line 9
[28-Apr-2019 04:22:35 UTC] PHP Fatal error:  Uncaught exception 'PDOException' with message 'SQLSTATE[HY000] [1049] Unknown database 'lab8'' in /home/ubuntu/workspace/cst336/Labs/Lab8/dbConnection.php:9
Stack trace:
#0 /home/ubuntu/workspace/cst336/Labs/Lab8/dbConnection.php(9): PDO->__construct('mysql:host=loca...', 'root', '')
#1 /home/ubuntu/workspace/cst336/Labs/Lab8/api/api.php(4): getDatabaseConnection('lab8')
#2 {main}
  thrown in /home/ubuntu/workspace/cst336/Labs/Lab8/dbConnection.php on line 9
[28-Apr-2019 06:28:26 UTC] PHP Fatal error:  Uncaught exception 'PDOException' with message 'SQLSTATE[42S02]: Base table or view not found: 1146 Table 'lab8.liked' doesn't exist' in /home/ubuntu/workspace/cst336/Labs/Lab8/api/api.php:19
Stack trace:
#0 /home/ubuntu/workspace/cst336/Labs/Lab8/api/api.php(19): PDOStatement->execute()
#1 {main}
  thrown in /home/ubuntu/workspace/cst336/Labs/Lab8/api/api.php on line 19
[28-Apr-2019 06:28:27 UTC] PHP Fatal error:  Uncaught exception 'PDOException' with message 'SQLSTATE[42S02]: Base table or view not found: 1146 Table 'lab8.liked' doesn't exist' in /home/ubuntu/workspace/cst336/Labs/Lab8/api/api.php:19
Stack trace:
#0 /home/ubuntu/workspace/cst336/Labs/Lab8/api/api.php(19): PDOStatement->execute()
#1 {main}
  thrown in /home/ubuntu/workspace/cst336/Labs/Lab8/api/api.php on line 19
[28-Apr-2019 06:28:28 UTC] PHP Fatal error:  Uncaught exception 'PDOException' with message 'SQLSTATE[42S02]: Base table or view not found: 1146 Table 'lab8.liked' doesn't exist' in /home/ubuntu/workspace/cst336/Labs/Lab8/api/api.php:19
Stack trace:
#0 /home/ubuntu/workspace/cst336/Labs/Lab8/api/api.php(19): PDOStatement->execute()
#1 {main}
  thrown in /home/ubuntu/workspace/cst336/Labs/Lab8/api/api.php on line 19
[28-Apr-2019 06:28:34 UTC] PHP Fatal error:  Uncaught exception 'PDOException' with message 'SQLSTATE[42S02]: Base table or view not found: 1146 Table 'lab8.liked' doesn't exist' in /home/ubuntu/workspace/cst336/Labs/Lab8/api/api.php:19
Stack trace:
#0 /home/ubuntu/workspace/cst336/Labs/Lab8/api/api.php(19): PDOStatement->execute()
#1 {main}
  thrown in /home/ubuntu/workspace/cst336/Labs/Lab8/api/api.php on line 19
[28-Apr-2019 06:28:35 UTC] PHP Fatal error:  Uncaught exception 'PDOException' with message 'SQLSTATE[42S02]: Base table or view not found: 1146 Table 'lab8.liked' doesn't exist' in /home/ubuntu/workspace/cst336/Labs/Lab8/api/api.php:19
Stack trace:
#0 /home/ubuntu/workspace/cst336/Labs/Lab8/api/api.php(19): PDOStatement->execute()
#1 {main}
  thrown in /home/ubuntu/workspace/cst336/Labs/Lab8/api/api.php on line 19
[28-Apr-2019 06:28:36 UTC] PHP Fatal error:  Uncaught exception 'PDOException' with message 'SQLSTATE[42S02]: Base table or view not found: 1146 Table 'lab8.liked' doesn't exist' in /home/ubuntu/workspace/cst336/Labs/Lab8/api/api.php:19
Stack trace:
#0 /home/ubuntu/workspace/cst336/Labs/Lab8/api/api.php(19): PDOStatement->execute()
#1 {main}
  thrown in /home/ubuntu/workspace/cst336/Labs/Lab8/api/api.php on line 19
[28-Apr-2019 06:28:43 UTC] PHP Fatal error:  Uncaught exception 'PDOException' with message 'SQLSTATE[42S02]: Base table or view not found: 1146 Table 'lab8.liked' doesn't exist' in /home/ubuntu/workspace/cst336/Labs/Lab8/api/api.php:19
Stack trace:
#0 /home/ubuntu/workspace/cst336/Labs/Lab8/api/api.php(19): PDOStatement->execute()
#1 {main}
  thrown in /home/ubuntu/workspace/cst336/Labs/Lab8/api/api.php on line 19
[28-Apr-2019 06:28:44 UTC] PHP Fatal error:  Uncaught exception 'PDOException' with message 'SQLSTATE[42S02]: Base table or view not found: 1146 Table 'lab8.liked' doesn't exist' in /home/ubuntu/workspace/cst336/Labs/Lab8/api/api.php:19
Stack trace:
#0 /home/ubuntu/workspace/cst336/Labs/Lab8/api/api.php(19): PDOStatement->execute()
#1 {main}
  thrown in /home/ubuntu/workspace/cst336/Labs/Lab8/api/api.php on line 19
[28-Apr-2019 06:28:46 UTC] PHP Fatal error:  Uncaught exception 'PDOException' with message 'SQLSTATE[42S02]: Base table or view not found: 1146 Table 'lab8.liked' doesn't exist' in /home/ubuntu/workspace/cst336/Labs/Lab8/api/api.php:19
Stack trace:
#0 /home/ubuntu/workspace/cst336/Labs/Lab8/api/api.php(19): PDOStatement->execute()
#1 {main}
  thrown in /home/ubuntu/workspace/cst336/Labs/Lab8/api/api.php on line 19
[28-Apr-2019 06:30:23 UTC] PHP Fatal error:  Uncaught exception 'PDOException' with message 'SQLSTATE[42S02]: Base table or view not found: 1146 Table 'lab8.liked' doesn't exist' in /home/ubuntu/workspace/cst336/Labs/Lab8/api/api.php:19
Stack trace:
#0 /home/ubuntu/workspace/cst336/Labs/Lab8/api/api.php(19): PDOStatement->execute()
#1 {main}
  thrown in /home/ubuntu/workspace/cst336/Labs/Lab8/api/api.php on line 19
[28-Apr-2019 06:30:24 UTC] PHP Fatal error:  Uncaught exception 'PDOException' with message 'SQLSTATE[42S02]: Base table or view not found: 1146 Table 'lab8.liked' doesn't exist' in /home/ubuntu/workspace/cst336/Labs/Lab8/api/api.php:19
Stack trace:
#0 /home/ubuntu/workspace/cst336/Labs/Lab8/api/api.php(19): PDOStatement->execute()
#1 {main}
  thrown in /home/ubuntu/workspace/cst336/Labs/Lab8/api/api.php on line 19
[28-Apr-2019 06:30:26 UTC] PHP Fatal error:  Uncaught exception 'PDOException' with message 'SQLSTATE[42S02]: Base table or view not found: 1146 Table 'lab8.liked' doesn't exist' in /home/ubuntu/workspace/cst336/Labs/Lab8/api/api.php:19
Stack trace:
#0 /home/ubuntu/workspace/cst336/Labs/Lab8/api/api.php(19): PDOStatement->execute()
#1 {main}
  thrown in /home/ubuntu/workspace/cst336/Labs/Lab8/api/api.php on line 19
[28-Apr-2019 06:30:27 UTC] PHP Fatal error:  Uncaught exception 'PDOException' with message 'SQLSTATE[42S02]: Base table or view not found: 1146 Table 'lab8.liked' doesn't exist' in /home/ubuntu/workspace/cst336/Labs/Lab8/api/api.php:19
Stack trace:
#0 /home/ubuntu/workspace/cst336/Labs/Lab8/api/api.php(19): PDOStatement->execute()
#1 {main}
  thrown in /home/ubuntu/workspace/cst336/Labs/Lab8/api/api.php on line 19
[28-Apr-2019 06:33:06 UTC] PHP Fatal error:  Uncaught exception 'PDOException' with message 'SQLSTATE[HY000]: General error' in /home/ubuntu/workspace/cst336/Labs/Lab8/api/api.php:20
Stack trace:
#0 /home/ubuntu/workspace/cst336/Labs/Lab8/api/api.php(20): PDOStatement->fetchAll(2)
#1 {main}
  thrown in /home/ubuntu/workspace/cst336/Labs/Lab8/api/api.php on line 20
[28-Apr-2019 06:33:07 UTC] PHP Fatal error:  Uncaught exception 'PDOException' with message 'SQLSTATE[HY000]: General error' in /home/ubuntu/workspace/cst336/Labs/Lab8/api/api.php:20
Stack trace:
#0 /home/ubuntu/workspace/cst336/Labs/Lab8/api/api.php(20): PDOStatement->fetchAll(2)
#1 {main}
  thrown in /home/ubuntu/workspace/cst336/Labs/Lab8/api/api.php on line 20
[28-Apr-2019 06:33:11 UTC] PHP Fatal error:  Uncaught exception 'PDOException' with message 'SQLSTATE[HY000]: General error' in /home/ubuntu/workspace/cst336/Labs/Lab8/api/api.php:20
Stack trace:
#0 /home/ubuntu/workspace/cst336/Labs/Lab8/api/api.php(20): PDOStatement->fetchAll(2)
#1 {main}
  thrown in /home/ubuntu/workspace/cst336/Labs/Lab8/api/api.php on line 20
[28-Apr-2019 06:33:16 UTC] PHP Fatal error:  Uncaught exception 'PDOException' with message 'SQLSTATE[HY000]: General error' in /home/ubuntu/workspace/cst336/Labs/Lab8/api/api.php:20
Stack trace:
#0 /home/ubuntu/workspace/cst336/Labs/Lab8/api/api.php(20): PDOStatement->fetchAll(2)
#1 {main}
  thrown in /home/ubuntu/workspace/cst336/Labs/Lab8/api/api.php on line 20
[28-Apr-2019 06:33:31 UTC] PHP Fatal error:  Uncaught exception 'PDOException' with message 'SQLSTATE[HY000]: General error' in /home/ubuntu/workspace/cst336/Labs/Lab8/api/api.php:20
Stack trace:
#0 /home/ubuntu/workspace/cst336/Labs/Lab8/api/api.php(20): PDOStatement->fetchAll(2)
#1 {main}
  thrown in /home/ubuntu/workspace/cst336/Labs/Lab8/api/api.php on line 20
[28-Apr-2019 06:33:36 UTC] PHP Fatal error:  Uncaught exception 'PDOException' with message 'SQLSTATE[HY000]: General error' in /home/ubuntu/workspace/cst336/Labs/Lab8/api/api.php:20
Stack trace:
#0 /home/ubuntu/workspace/cst336/Labs/Lab8/api/api.php(20): PDOStatement->fetchAll(2)
#1 {main}
  thrown in /home/ubuntu/workspace/cst336/Labs/Lab8/api/api.php on line 20
[28-Apr-2019 06:33:49 UTC] PHP Fatal error:  Uncaught exception 'PDOException' with message 'SQLSTATE[HY000]: General error' in /home/ubuntu/workspace/cst336/Labs/Lab8/api/api.php:20
Stack trace:
#0 /home/ubuntu/workspace/cst336/Labs/Lab8/api/api.php(20): PDOStatement->fetchAll(2)
#1 {main}
  thrown in /home/ubuntu/workspace/cst336/Labs/Lab8/api/api.php on line 20
[28-Apr-2019 06:36:58 UTC] PHP Fatal error:  Uncaught exception 'PDOException' with message 'SQLSTATE[HY000]: General error' in /home/ubuntu/workspace/cst336/Labs/Lab8/api/api.php:20
Stack trace:
#0 /home/ubuntu/workspace/cst336/Labs/Lab8/api/api.php(20): PDOStatement->fetchAll(2)
#1 {main}
  thrown in /home/ubuntu/workspace/cst336/Labs/Lab8/api/api.php on line 20
[28-Apr-2019 06:36:59 UTC] PHP Fatal error:  Uncaught exception 'PDOException' with message 'SQLSTATE[HY000]: General error' in /home/ubuntu/workspace/cst336/Labs/Lab8/api/api.php:20
Stack trace:
#0 /home/ubuntu/workspace/cst336/Labs/Lab8/api/api.php(20): PDOStatement->fetchAll(2)
#1 {main}
  thrown in /home/ubuntu/workspace/cst336/Labs/Lab8/api/api.php on line 20
[28-Apr-2019 06:36:59 UTC] PHP Fatal error:  Uncaught exception 'PDOException' with message 'SQLSTATE[HY000]: General error' in /home/ubuntu/workspace/cst336/Labs/Lab8/api/api.php:20
Stack trace:
#0 /home/ubuntu/workspace/cst336/Labs/Lab8/api/api.php(20): PDOStatement->fetchAll(2)
#1 {main}
  thrown in /home/ubuntu/workspace/cst336/Labs/Lab8/api/api.php on line 20
[29-Apr-2019 03:52:55 UTC] PHP Fatal error:  Uncaught exception 'PDOException' with message 'SQLSTATE[HY000]: General error' in /home/ubuntu/workspace/cst336/Labs/Lab8/api/api.php:20
Stack trace:
#0 /home/ubuntu/workspace/cst336/Labs/Lab8/api/api.php(20): PDOStatement->fetchAll(2)
#1 {main}
  thrown in /home/ubuntu/workspace/cst336/Labs/Lab8/api/api.php on line 20
[29-Apr-2019 03:52:56 UTC] PHP Fatal error:  Uncaught exception 'PDOException' with message 'SQLSTATE[HY000]: General error' in /home/ubuntu/workspace/cst336/Labs/Lab8/api/api.php:20
Stack trace:
#0 /home/ubuntu/workspace/cst336/Labs/Lab8/api/api.php(20): PDOStatement->fetchAll(2)
#1 {main}
  thrown in /home/ubuntu/workspace/cst336/Labs/Lab8/api/api.php on line 20
